Started GET "/" for 127.0.0.1 at 2019-02-15 07:54:58 +0300
Processing by PlaysController#new as HTML
  Rendering plays/new.html.slim within layouts/application
  Rendered plays/new.html.slim within layouts/application (20.3ms)
Completed 500 Internal Server Error in 34ms (ActiveRecord: 0.0ms)


  
ActionView::Template::Error (Missing partial plays/_modal.html, application/_modal.html with {:locale=>[:en], :formats=>[:html], :variants=>[], :handlers=>[:raw, :erb, :html, :builder, :ruby, :slim, :coffee, :jbuilder]}. Searched in:
  * "/home/max/Desktop/rps/proj/rps/app/views"
):
    1: =render 'modal.html'
    2: .content
    3: 	h1 ROCK – PAPER – SCISSORS
    4: 	p.review  Rock Paper Scissors is a zero sum game that is usually played by two people using their hands and no tools. The idea is to make shapes with an outstretched hand where each shape will have a certain degree of power and will lead to an outcome.
  
app/views/plays/new.html.slim:1:in `_app_views_plays_new_html_slim__4068516887136998807_47149319498300'
Started GET "/" for 127.0.0.1 at 2019-02-15 07:55:14 +0300
Processing by PlaysController#new as HTML
  Rendering plays/new.html.slim within layouts/application
  Rendered plays/_modal.html.slim (151.5ms)
  Rendered plays/new.html.slim within layouts/application (165.2ms)
Completed 500 Internal Server Error in 177ms (ActiveRecord: 0.0ms)


  
ActionView::Template::Error (The asset "х.svg" is not present in the asset pipeline.):
    1: #myModal.modal
    2:   .modal-content
    3:     span.close
    4:       = image_tag "х.svg", class: "x"
    5:     div#info
    6:       h1 WAITING CURB’S CHOOSE
    7:       #user_throw
  
app/views/plays/_modal.html.slim:4:in `_app_views_plays__modal_html_slim__2866123301342614942_70265195425260'
app/views/plays/new.html.slim:1:in `_app_views_plays_new_html_slim__4068516887136998807_70265195217480'
Started GET "/" for 127.0.0.1 at 2019-02-15 07:55:57 +0300
Processing by PlaysController#new as HTML
  Rendering plays/new.html.slim within layouts/application
  Rendered plays/_modal.html.slim (21.4ms)
  Rendered plays/new.html.slim within layouts/application (33.9ms)
Completed 500 Internal Server Error in 45ms (ActiveRecord: 0.0ms)


  
ActionView::Template::Error (couldn't find file 'jquery' with type 'application/javascript'
Checked in these paths: 
  /home/max/Desktop/rps/proj/rps/app/assets/config
  /home/max/Desktop/rps/proj/rps/app/assets/images
  /home/max/Desktop/rps/proj/rps/app/assets/javascripts
  /home/max/Desktop/rps/proj/rps/app/assets/stylesheets
  /home/max/.rvm/gems/ruby-2.5.1/gems/coffee-rails-4.2.2/lib/assets/javascripts
  /home/max/.rvm/gems/ruby-2.5.1/gems/actioncable-5.2.2/lib/assets/compiled
  /home/max/.rvm/gems/ruby-2.5.1/gems/activestorage-5.2.2/app/assets/javascripts
  /home/max/.rvm/gems/ruby-2.5.1/gems/actionview-5.2.2/lib/assets/compiled
  /home/max/.rvm/gems/ruby-2.5.1/gems/turbolinks-source-5.2.0/lib/assets/javascripts
  /home/max/Desktop/rps/proj/rps/node_modules):
    1: #myModal.modal
    2:   .modal-content
    3:     span.close
    4:       = image_tag "х.svg", class: "x"
    5:     div#info
    6:       h1 WAITING CURB’S CHOOSE
    7:       #user_throw
  
app/assets/javascripts/application.js:13
app/views/plays/_modal.html.slim:4:in `_app_views_plays__modal_html_slim__2866123301342614942_70265208933340'
app/views/plays/new.html.slim:1:in `_app_views_plays_new_html_slim__4068516887136998807_70265209155960'
Started GET "/" for 127.0.0.1 at 2019-02-15 07:58:12 +0300
Processing by PlaysController#new as HTML
  Rendering plays/new.html.slim within layouts/application
  Rendered plays/_modal.html.slim (597.3ms)
  Rendered plays/new.html.slim within layouts/application (608.6ms)
Completed 200 OK in 668ms (Views: 662.5ms | ActiveRecord: 0.0ms)


Started POST "/throw" for 127.0.0.1 at 2019-02-15 07:58:17 +0300
Processing by PlaysController#throw as JS
  Parameters: {"authenticity_token"=>"nbPNgNC/Ki2HncYcF0clAFRD6yLDXgPyMoppCpiqY+UIEmctP6kVrrqWLawb+C3nCGH5b8u9dZc29TSOsfV7cQ==", "sign"=>"rock"}
Unpermitted parameter: :authenticity_token
  Rendering plays/throw.js.erb
  Rendered plays/_throw.html.slim (27.9ms)
  Rendered plays/throw.js.erb (33.9ms)
Completed 200 OK in 810ms (Views: 45.9ms | ActiveRecord: 0.0ms)


Started POST "/throw" for 127.0.0.1 at 2019-02-15 07:58:20 +0300
Processing by PlaysController#throw as JS
  Parameters: {"authenticity_token"=>"nbPNgNC/Ki2HncYcF0clAFRD6yLDXgPyMoppCpiqY+UIEmctP6kVrrqWLawb+C3nCGH5b8u9dZc29TSOsfV7cQ==", "sign"=>"scissors"}
Unpermitted parameter: :authenticity_token
  Rendering plays/throw.js.erb
  Rendered plays/_throw.html.slim (25.2ms)
  Rendered plays/throw.js.erb (31.1ms)
Completed 200 OK in 849ms (Views: 40.3ms | ActiveRecord: 0.0ms)


Started POST "/throw" for 127.0.0.1 at 2019-02-15 07:58:24 +0300
Processing by PlaysController#throw as JS
  Parameters: {"authenticity_token"=>"nbPNgNC/Ki2HncYcF0clAFRD6yLDXgPyMoppCpiqY+UIEmctP6kVrrqWLawb+C3nCGH5b8u9dZc29TSOsfV7cQ==", "sign"=>"paper"}
Unpermitted parameter: :authenticity_token
  Rendering plays/throw.js.erb
  Rendered plays/_throw.html.slim (25.2ms)
  Rendered plays/throw.js.erb (31.4ms)
Completed 200 OK in 842ms (Views: 41.7ms | ActiveRecord: 0.0ms)


Started POST "/throw" for 127.0.0.1 at 2019-02-15 07:58:26 +0300
Processing by PlaysController#throw as JS
  Parameters: {"authenticity_token"=>"nbPNgNC/Ki2HncYcF0clAFRD6yLDXgPyMoppCpiqY+UIEmctP6kVrrqWLawb+C3nCGH5b8u9dZc29TSOsfV7cQ==", "sign"=>"rock"}
Unpermitted parameter: :authenticity_token
  Rendering plays/throw.js.erb
  Rendered plays/_throw.html.slim (22.9ms)
  Rendered plays/throw.js.erb (29.0ms)
Completed 200 OK in 801ms (Views: 39.5ms | ActiveRecord: 0.0ms)


Started POST "/throw" for 127.0.0.1 at 2019-02-15 07:58:30 +0300
Processing by PlaysController#throw as JS
  Parameters: {"authenticity_token"=>"nbPNgNC/Ki2HncYcF0clAFRD6yLDXgPyMoppCpiqY+UIEmctP6kVrrqWLawb+C3nCGH5b8u9dZc29TSOsfV7cQ==", "sign"=>"scissors"}
Unpermitted parameter: :authenticity_token
  Rendering plays/throw.js.erb
  Rendered plays/_throw.html.slim (24.6ms)
  Rendered plays/throw.js.erb (29.9ms)
Completed 200 OK in 815ms (Views: 39.7ms | ActiveRecord: 0.0ms)


Started POST "/throw" for 127.0.0.1 at 2019-02-15 07:58:32 +0300
Processing by PlaysController#throw as JS
  Parameters: {"authenticity_token"=>"nbPNgNC/Ki2HncYcF0clAFRD6yLDXgPyMoppCpiqY+UIEmctP6kVrrqWLawb+C3nCGH5b8u9dZc29TSOsfV7cQ==", "sign"=>"paper"}
Unpermitted parameter: :authenticity_token
  Rendering plays/throw.js.erb
  Rendered plays/_throw.html.slim (54.6ms)
  Rendered plays/throw.js.erb (59.9ms)
Completed 200 OK in 848ms (Views: 69.4ms | ActiveRecord: 0.0ms)


Started POST "/throw" for 127.0.0.1 at 2019-02-15 07:58:35 +0300
Processing by PlaysController#throw as JS
  Parameters: {"authenticity_token"=>"nbPNgNC/Ki2HncYcF0clAFRD6yLDXgPyMoppCpiqY+UIEmctP6kVrrqWLawb+C3nCGH5b8u9dZc29TSOsfV7cQ==", "sign"=>"rock"}
Unpermitted parameter: :authenticity_token
  Rendering plays/throw.js.erb
  Rendered plays/_throw.html.slim (29.7ms)
  Rendered plays/throw.js.erb (35.6ms)
Completed 200 OK in 805ms (Views: 46.1ms | ActiveRecord: 0.0ms)


Started POST "/throw" for 127.0.0.1 at 2019-02-15 07:58:43 +0300
Processing by PlaysController#throw as JS
  Parameters: {"authenticity_token"=>"nbPNgNC/Ki2HncYcF0clAFRD6yLDXgPyMoppCpiqY+UIEmctP6kVrrqWLawb+C3nCGH5b8u9dZc29TSOsfV7cQ==", "sign"=>"paper"}
Unpermitted parameter: :authenticity_token
  Rendering plays/throw.js.erb
  Rendered plays/_throw.html.slim (26.2ms)
  Rendered plays/throw.js.erb (33.6ms)
Completed 200 OK in 775ms (Views: 43.9ms | ActiveRecord: 0.0ms)


Started POST "/throw" for 127.0.0.1 at 2019-02-15 07:59:13 +0300
Processing by PlaysController#throw as JS
  Parameters: {"authenticity_token"=>"nbPNgNC/Ki2HncYcF0clAFRD6yLDXgPyMoppCpiqY+UIEmctP6kVrrqWLawb+C3nCGH5b8u9dZc29TSOsfV7cQ==", "sign"=>"rock"}
Unpermitted parameter: :authenticity_token
  Rendering plays/throw.js.erb
  Rendered plays/_throw.html.slim (25.5ms)
  Rendered plays/throw.js.erb (32.0ms)
Completed 200 OK in 803ms (Views: 42.1ms | ActiveRecord: 0.0ms)


Started POST "/throw" for 127.0.0.1 at 2019-02-15 07:59:19 +0300
Processing by PlaysController#throw as JS
  Parameters: {"authenticity_token"=>"nbPNgNC/Ki2HncYcF0clAFRD6yLDXgPyMoppCpiqY+UIEmctP6kVrrqWLawb+C3nCGH5b8u9dZc29TSOsfV7cQ==", "sign"=>"rock"}
Unpermitted parameter: :authenticity_token
  Rendering plays/throw.js.erb
  Rendered plays/_throw.html.slim (24.9ms)
  Rendered plays/throw.js.erb (30.8ms)
Completed 200 OK in 920ms (Views: 40.7ms | ActiveRecord: 0.0ms)


Started POST "/throw" for 127.0.0.1 at 2019-02-15 07:59:23 +0300
Processing by PlaysController#throw as JS
  Parameters: {"authenticity_token"=>"nbPNgNC/Ki2HncYcF0clAFRD6yLDXgPyMoppCpiqY+UIEmctP6kVrrqWLawb+C3nCGH5b8u9dZc29TSOsfV7cQ==", "sign"=>"rock"}
Unpermitted parameter: :authenticity_token
  Rendering plays/throw.js.erb
  Rendered plays/_throw.html.slim (29.6ms)
  Rendered plays/throw.js.erb (35.8ms)
Completed 200 OK in 689ms (Views: 45.6ms | ActiveRecord: 0.0ms)


Started POST "/throw" for 127.0.0.1 at 2019-02-15 07:59:26 +0300
Processing by PlaysController#throw as JS
  Parameters: {"authenticity_token"=>"nbPNgNC/Ki2HncYcF0clAFRD6yLDXgPyMoppCpiqY+UIEmctP6kVrrqWLawb+C3nCGH5b8u9dZc29TSOsfV7cQ==", "sign"=>"rock"}
Unpermitted parameter: :authenticity_token
  Rendering plays/throw.js.erb
  Rendered plays/_throw.html.slim (27.3ms)
  Rendered plays/throw.js.erb (33.8ms)
Completed 200 OK in 781ms (Views: 46.3ms | ActiveRecord: 0.0ms)


Started POST "/throw" for 127.0.0.1 at 2019-02-15 07:59:29 +0300
Processing by PlaysController#throw as JS
  Parameters: {"authenticity_token"=>"nbPNgNC/Ki2HncYcF0clAFRD6yLDXgPyMoppCpiqY+UIEmctP6kVrrqWLawb+C3nCGH5b8u9dZc29TSOsfV7cQ==", "sign"=>"rock"}
Unpermitted parameter: :authenticity_token
  Rendering plays/throw.js.erb
  Rendered plays/_throw.html.slim (28.1ms)
  Rendered plays/throw.js.erb (35.4ms)
Completed 200 OK in 745ms (Views: 46.5ms | ActiveRecord: 0.0ms)


Started POST "/throw" for 127.0.0.1 at 2019-02-15 07:59:32 +0300
Processing by PlaysController#throw as JS
  Parameters: {"authenticity_token"=>"nbPNgNC/Ki2HncYcF0clAFRD6yLDXgPyMoppCpiqY+UIEmctP6kVrrqWLawb+C3nCGH5b8u9dZc29TSOsfV7cQ==", "sign"=>"rock"}
Unpermitted parameter: :authenticity_token
  Rendering plays/throw.js.erb
  Rendered plays/_throw.html.slim (15.3ms)
  Rendered plays/throw.js.erb (18.6ms)
Completed 200 OK in 870ms (Views: 24.9ms | ActiveRecord: 0.0ms)


Started POST "/throw" for 127.0.0.1 at 2019-02-15 07:59:35 +0300
Processing by PlaysController#throw as JS
  Parameters: {"authenticity_token"=>"nbPNgNC/Ki2HncYcF0clAFRD6yLDXgPyMoppCpiqY+UIEmctP6kVrrqWLawb+C3nCGH5b8u9dZc29TSOsfV7cQ==", "sign"=>"rock"}
Unpermitted parameter: :authenticity_token
  Rendering plays/throw.js.erb
  Rendered plays/_throw.html.slim (30.9ms)
  Rendered plays/throw.js.erb (36.6ms)
Completed 200 OK in 907ms (Views: 47.4ms | ActiveRecord: 0.0ms)


Started POST "/throw" for 127.0.0.1 at 2019-02-15 07:59:38 +0300
Processing by PlaysController#throw as JS
  Parameters: {"authenticity_token"=>"nbPNgNC/Ki2HncYcF0clAFRD6yLDXgPyMoppCpiqY+UIEmctP6kVrrqWLawb+C3nCGH5b8u9dZc29TSOsfV7cQ==", "sign"=>"rock"}
Unpermitted parameter: :authenticity_token
  Rendering plays/throw.js.erb
  Rendered plays/_throw.html.slim (27.6ms)
  Rendered plays/throw.js.erb (33.1ms)
Completed 200 OK in 871ms (Views: 43.9ms | ActiveRecord: 0.0ms)


Started POST "/throw" for 127.0.0.1 at 2019-02-15 07:59:40 +0300
Processing by PlaysController#throw as JS
  Parameters: {"authenticity_token"=>"nbPNgNC/Ki2HncYcF0clAFRD6yLDXgPyMoppCpiqY+UIEmctP6kVrrqWLawb+C3nCGH5b8u9dZc29TSOsfV7cQ==", "sign"=>"rock"}
Unpermitted parameter: :authenticity_token
  Rendering plays/throw.js.erb
  Rendered plays/_throw.html.slim (23.0ms)
  Rendered plays/throw.js.erb (29.0ms)
Completed 200 OK in 833ms (Views: 39.5ms | ActiveRecord: 0.0ms)


Started POST "/throw" for 127.0.0.1 at 2019-02-15 07:59:43 +0300
Processing by PlaysController#throw as JS
  Parameters: {"authenticity_token"=>"nbPNgNC/Ki2HncYcF0clAFRD6yLDXgPyMoppCpiqY+UIEmctP6kVrrqWLawb+C3nCGH5b8u9dZc29TSOsfV7cQ==", "sign"=>"paper"}
Unpermitted parameter: :authenticity_token
  Rendering plays/throw.js.erb
  Rendered plays/_throw.html.slim (35.1ms)
  Rendered plays/throw.js.erb (41.1ms)
Completed 200 OK in 769ms (Views: 53.7ms | ActiveRecord: 0.0ms)


Started POST "/throw" for 127.0.0.1 at 2019-02-15 07:59:47 +0300
Processing by PlaysController#throw as JS
  Parameters: {"authenticity_token"=>"nbPNgNC/Ki2HncYcF0clAFRD6yLDXgPyMoppCpiqY+UIEmctP6kVrrqWLawb+C3nCGH5b8u9dZc29TSOsfV7cQ==", "sign"=>"paper"}
Unpermitted parameter: :authenticity_token
  Rendering plays/throw.js.erb
  Rendered plays/_throw.html.slim (33.7ms)
  Rendered plays/throw.js.erb (41.2ms)
Completed 200 OK in 3786ms (Views: 52.0ms | ActiveRecord: 0.0ms)


Started POST "/throw" for 127.0.0.1 at 2019-02-15 07:59:53 +0300
Processing by PlaysController#throw as JS
  Parameters: {"authenticity_token"=>"nbPNgNC/Ki2HncYcF0clAFRD6yLDXgPyMoppCpiqY+UIEmctP6kVrrqWLawb+C3nCGH5b8u9dZc29TSOsfV7cQ==", "sign"=>"paper"}
Unpermitted parameter: :authenticity_token
  Rendering plays/throw.js.erb
  Rendered plays/_throw.html.slim (36.9ms)
  Rendered plays/throw.js.erb (42.9ms)
Completed 200 OK in 900ms (Views: 52.7ms | ActiveRecord: 0.0ms)


Started POST "/throw" for 127.0.0.1 at 2019-02-15 07:59:59 +0300
Processing by PlaysController#throw as JS
  Parameters: {"authenticity_token"=>"nbPNgNC/Ki2HncYcF0clAFRD6yLDXgPyMoppCpiqY+UIEmctP6kVrrqWLawb+C3nCGH5b8u9dZc29TSOsfV7cQ==", "sign"=>"scissors"}
Unpermitted parameter: :authenticity_token
  Rendering plays/throw.js.erb
  Rendered plays/_throw.html.slim (33.6ms)
  Rendered plays/throw.js.erb (39.7ms)
Completed 200 OK in 839ms (Views: 49.9ms | ActiveRecord: 0.0ms)


Started POST "/throw" for 127.0.0.1 at 2019-02-15 08:00:04 +0300
Processing by PlaysController#throw as JS
  Parameters: {"authenticity_token"=>"nbPNgNC/Ki2HncYcF0clAFRD6yLDXgPyMoppCpiqY+UIEmctP6kVrrqWLawb+C3nCGH5b8u9dZc29TSOsfV7cQ==", "sign"=>"scissors"}
Unpermitted parameter: :authenticity_token
  Rendering plays/throw.js.erb
  Rendered plays/_throw.html.slim (31.2ms)
  Rendered plays/throw.js.erb (38.0ms)
Completed 200 OK in 840ms (Views: 49.5ms | ActiveRecord: 0.0ms)


Started POST "/throw" for 127.0.0.1 at 2019-02-15 08:00:07 +0300
Processing by PlaysController#throw as JS
  Parameters: {"authenticity_token"=>"nbPNgNC/Ki2HncYcF0clAFRD6yLDXgPyMoppCpiqY+UIEmctP6kVrrqWLawb+C3nCGH5b8u9dZc29TSOsfV7cQ==", "sign"=>"scissors"}
Unpermitted parameter: :authenticity_token
  Rendering plays/throw.js.erb
  Rendered plays/_throw.html.slim (31.9ms)
  Rendered plays/throw.js.erb (37.6ms)
Completed 200 OK in 901ms (Views: 47.5ms | ActiveRecord: 0.0ms)


Started POST "/throw" for 127.0.0.1 at 2019-02-15 08:00:10 +0300
Processing by PlaysController#throw as JS
  Parameters: {"authenticity_token"=>"nbPNgNC/Ki2HncYcF0clAFRD6yLDXgPyMoppCpiqY+UIEmctP6kVrrqWLawb+C3nCGH5b8u9dZc29TSOsfV7cQ==", "sign"=>"scissors"}
Unpermitted parameter: :authenticity_token
  Rendering plays/throw.js.erb
  Rendered plays/_throw.html.slim (29.1ms)
  Rendered plays/throw.js.erb (36.3ms)
Completed 200 OK in 3782ms (Views: 47.1ms | ActiveRecord: 0.0ms)


Started POST "/throw" for 127.0.0.1 at 2019-02-15 08:00:16 +0300
Processing by PlaysController#throw as JS
  Parameters: {"authenticity_token"=>"nbPNgNC/Ki2HncYcF0clAFRD6yLDXgPyMoppCpiqY+UIEmctP6kVrrqWLawb+C3nCGH5b8u9dZc29TSOsfV7cQ==", "sign"=>"scissors"}
Unpermitted parameter: :authenticity_token
  Rendering plays/throw.js.erb
  Rendered plays/_throw.html.slim (32.7ms)
  Rendered plays/throw.js.erb (41.5ms)
Completed 200 OK in 3764ms (Views: 51.5ms | ActiveRecord: 0.0ms)


Started POST "/throw" for 127.0.0.1 at 2019-02-15 08:00:22 +0300
Processing by PlaysController#throw as JS
  Parameters: {"authenticity_token"=>"nbPNgNC/Ki2HncYcF0clAFRD6yLDXgPyMoppCpiqY+UIEmctP6kVrrqWLawb+C3nCGH5b8u9dZc29TSOsfV7cQ==", "sign"=>"scissors"}
Unpermitted parameter: :authenticity_token
  Rendering plays/throw.js.erb
  Rendered plays/_throw.html.slim (32.1ms)
  Rendered plays/throw.js.erb (38.0ms)
Completed 200 OK in 755ms (Views: 49.9ms | ActiveRecord: 0.0ms)


Started POST "/throw" for 127.0.0.1 at 2019-02-15 08:00:25 +0300
Processing by PlaysController#throw as JS
  Parameters: {"authenticity_token"=>"nbPNgNC/Ki2HncYcF0clAFRD6yLDXgPyMoppCpiqY+UIEmctP6kVrrqWLawb+C3nCGH5b8u9dZc29TSOsfV7cQ==", "sign"=>"scissors"}
Unpermitted parameter: :authenticity_token
  Rendering plays/throw.js.erb
  Rendered plays/_throw.html.slim (31.8ms)
  Rendered plays/throw.js.erb (37.6ms)
Completed 200 OK in 832ms (Views: 48.1ms | ActiveRecord: 0.0ms)


Started POST "/throw" for 127.0.0.1 at 2019-02-15 08:00:28 +0300
Processing by PlaysController#throw as JS
  Parameters: {"authenticity_token"=>"nbPNgNC/Ki2HncYcF0clAFRD6yLDXgPyMoppCpiqY+UIEmctP6kVrrqWLawb+C3nCGH5b8u9dZc29TSOsfV7cQ==", "sign"=>"scissors"}
Unpermitted parameter: :authenticity_token
  Rendering plays/throw.js.erb
  Rendered plays/_throw.html.slim (34.0ms)
  Rendered plays/throw.js.erb (40.2ms)
Completed 200 OK in 816ms (Views: 50.2ms | ActiveRecord: 0.0ms)


Started POST "/throw" for 127.0.0.1 at 2019-02-15 08:00:31 +0300
Processing by PlaysController#throw as JS
  Parameters: {"authenticity_token"=>"nbPNgNC/Ki2HncYcF0clAFRD6yLDXgPyMoppCpiqY+UIEmctP6kVrrqWLawb+C3nCGH5b8u9dZc29TSOsfV7cQ==", "sign"=>"scissors"}
Unpermitted parameter: :authenticity_token
  Rendering plays/throw.js.erb
  Rendered plays/_throw.html.slim (32.5ms)
  Rendered plays/throw.js.erb (39.1ms)
Completed 200 OK in 876ms (Views: 50.6ms | ActiveRecord: 0.0ms)


Started POST "/throw" for 127.0.0.1 at 2019-02-15 08:00:34 +0300
Processing by PlaysController#throw as JS
  Parameters: {"authenticity_token"=>"nbPNgNC/Ki2HncYcF0clAFRD6yLDXgPyMoppCpiqY+UIEmctP6kVrrqWLawb+C3nCGH5b8u9dZc29TSOsfV7cQ==", "sign"=>"scissors"}
Unpermitted parameter: :authenticity_token
  Rendering plays/throw.js.erb
  Rendered plays/_throw.html.slim (67.8ms)
  Rendered plays/throw.js.erb (75.2ms)
Completed 200 OK in 940ms (Views: 84.6ms | ActiveRecord: 0.0ms)


Started POST "/throw" for 127.0.0.1 at 2019-02-15 08:00:37 +0300
Processing by PlaysController#throw as JS
  Parameters: {"authenticity_token"=>"nbPNgNC/Ki2HncYcF0clAFRD6yLDXgPyMoppCpiqY+UIEmctP6kVrrqWLawb+C3nCGH5b8u9dZc29TSOsfV7cQ==", "sign"=>"scissors"}
Unpermitted parameter: :authenticity_token
  Rendering plays/throw.js.erb
  Rendered plays/_throw.html.slim (3.3ms)
  Rendered plays/throw.js.erb (4.4ms)
Completed 200 OK in 686ms (Views: 5.6ms | ActiveRecord: 0.0ms)


Started POST "/throw" for 127.0.0.1 at 2019-02-15 08:00:39 +0300
Processing by PlaysController#throw as JS
  Parameters: {"authenticity_token"=>"nbPNgNC/Ki2HncYcF0clAFRD6yLDXgPyMoppCpiqY+UIEmctP6kVrrqWLawb+C3nCGH5b8u9dZc29TSOsfV7cQ==", "sign"=>"scissors"}
Unpermitted parameter: :authenticity_token
  Rendering plays/throw.js.erb
  Rendered plays/_throw.html.slim (24.6ms)
  Rendered plays/throw.js.erb (30.2ms)
Completed 200 OK in 846ms (Views: 39.8ms | ActiveRecord: 0.0ms)


Started POST "/throw" for 127.0.0.1 at 2019-02-15 08:00:41 +0300
Processing by PlaysController#throw as JS
  Parameters: {"authenticity_token"=>"nbPNgNC/Ki2HncYcF0clAFRD6yLDXgPyMoppCpiqY+UIEmctP6kVrrqWLawb+C3nCGH5b8u9dZc29TSOsfV7cQ==", "sign"=>"scissors"}
Unpermitted parameter: :authenticity_token
  Rendering plays/throw.js.erb
  Rendered plays/_throw.html.slim (26.1ms)
  Rendered plays/throw.js.erb (32.6ms)
Completed 200 OK in 3843ms (Views: 43.0ms | ActiveRecord: 0.0ms)


Started GET "/" for 127.0.0.1 at 2019-02-15 08:00:51 +0300
Processing by PlaysController#new as HTML
  Rendering plays/new.html.slim within layouts/application
  Rendered plays/_modal.html.slim (9.4ms)
  Rendered plays/new.html.slim within layouts/application (24.2ms)
Completed 200 OK in 52ms (Views: 47.9ms | ActiveRecord: 0.0ms)


Started POST "/throw" for 127.0.0.1 at 2019-02-15 08:00:55 +0300
Processing by PlaysController#throw as JS
  Parameters: {"authenticity_token"=>"TVOxfDCk9ovuJLpGcJmoUi1CtHLlYiIJPXTQ5xRW3pnY8hvR37LJCNMvUfZ8JqC1cWCmP+2BVGw5C41jPQnGDQ==", "sign"=>"rock"}
Unpermitted parameter: :authenticity_token
  Rendering plays/throw.js.erb
  Rendered plays/_throw.html.slim (26.9ms)
  Rendered plays/throw.js.erb (32.6ms)
Completed 200 OK in 828ms (Views: 42.8ms | ActiveRecord: 0.0ms)


Started POST "/throw" for 127.0.0.1 at 2019-02-15 08:01:01 +0300
Processing by PlaysController#throw as JS
  Parameters: {"authenticity_token"=>"TVOxfDCk9ovuJLpGcJmoUi1CtHLlYiIJPXTQ5xRW3pnY8hvR37LJCNMvUfZ8JqC1cWCmP+2BVGw5C41jPQnGDQ==", "sign"=>"scissors"}
Unpermitted parameter: :authenticity_token
  Rendering plays/throw.js.erb
  Rendered plays/_throw.html.slim (21.5ms)
  Rendered plays/throw.js.erb (27.1ms)
Completed 200 OK in 813ms (Views: 37.8ms | ActiveRecord: 0.0ms)


Started POST "/throw" for 127.0.0.1 at 2019-02-15 08:01:07 +0300
Processing by PlaysController#throw as JS
  Parameters: {"authenticity_token"=>"TVOxfDCk9ovuJLpGcJmoUi1CtHLlYiIJPXTQ5xRW3pnY8hvR37LJCNMvUfZ8JqC1cWCmP+2BVGw5C41jPQnGDQ==", "sign"=>"paper"}
Unpermitted parameter: :authenticity_token
  Rendering plays/throw.js.erb
  Rendered plays/_throw.html.slim (27.3ms)
  Rendered plays/throw.js.erb (33.1ms)
Completed 200 OK in 682ms (Views: 44.0ms | ActiveRecord: 0.0ms)


Started POST "/throw" for 127.0.0.1 at 2019-02-15 08:01:40 +0300
Processing by PlaysController#throw as JS
  Parameters: {"authenticity_token"=>"TVOxfDCk9ovuJLpGcJmoUi1CtHLlYiIJPXTQ5xRW3pnY8hvR37LJCNMvUfZ8JqC1cWCmP+2BVGw5C41jPQnGDQ==", "sign"=>"paper"}
Unpermitted parameter: :authenticity_token
  Rendering plays/throw.js.erb
  Rendered plays/_throw.html.slim (24.4ms)
  Rendered plays/throw.js.erb (30.3ms)
Completed 200 OK in 1005ms (Views: 42.0ms | ActiveRecord: 0.0ms)


Started GET "/" for 127.0.0.1 at 2019-02-15 08:05:33 +0300
Processing by PlaysController#new as HTML
  Rendering plays/new.html.slim within layouts/application
  Rendered plays/_modal.html.slim (5.5ms)
  Rendered plays/new.html.slim within layouts/application (11.0ms)
Completed 200 OK in 31ms (Views: 30.3ms | ActiveRecord: 0.0ms)


Started GET "/" for 127.0.0.1 at 2019-02-15 08:05:34 +0300
Processing by PlaysController#new as HTML
  Rendering plays/new.html.slim within layouts/application
  Rendered plays/_modal.html.slim (8.4ms)
  Rendered plays/new.html.slim within layouts/application (20.9ms)
Completed 200 OK in 50ms (Views: 47.5ms | ActiveRecord: 0.0ms)


Started POST "/throw" for 127.0.0.1 at 2019-02-15 08:06:46 +0300
Processing by PlaysController#throw as JS
  Parameters: {"authenticity_token"=>"YW++te8VNQMyjE7evMUxt7nTShSWl3fOhElCCOpJjWn0zhQYAAMKgA+HpW6wejlQ5fFYWZ50AauANh+MwxaV/Q==", "sign"=>"paper"}
Unpermitted parameter: :authenticity_token
  Rendering plays/throw.js.erb
  Rendered plays/_throw.html.slim (28.7ms)
  Rendered plays/throw.js.erb (34.4ms)
Completed 200 OK in 884ms (Views: 45.2ms | ActiveRecord: 0.0ms)


Started POST "/throw" for 127.0.0.1 at 2019-02-15 08:06:50 +0300
Processing by PlaysController#throw as JS
  Parameters: {"authenticity_token"=>"YW++te8VNQMyjE7evMUxt7nTShSWl3fOhElCCOpJjWn0zhQYAAMKgA+HpW6wejlQ5fFYWZ50AauANh+MwxaV/Q==", "sign"=>"scissors"}
Unpermitted parameter: :authenticity_token
  Rendering plays/throw.js.erb
  Rendered plays/_throw.html.slim (28.9ms)
  Rendered plays/throw.js.erb (36.1ms)
Completed 200 OK in 877ms (Views: 46.5ms | ActiveRecord: 0.0ms)


Started POST "/throw" for 127.0.0.1 at 2019-02-15 08:06:53 +0300
Processing by PlaysController#throw as JS
  Parameters: {"authenticity_token"=>"YW++te8VNQMyjE7evMUxt7nTShSWl3fOhElCCOpJjWn0zhQYAAMKgA+HpW6wejlQ5fFYWZ50AauANh+MwxaV/Q==", "sign"=>"rock"}
Unpermitted parameter: :authenticity_token
  Rendering plays/throw.js.erb
  Rendered plays/_throw.html.slim (23.3ms)
  Rendered plays/throw.js.erb (29.5ms)
Completed 200 OK in 780ms (Views: 39.3ms | ActiveRecord: 0.0ms)


Started POST "/throw" for 127.0.0.1 at 2019-02-15 08:07:01 +0300
Processing by PlaysController#throw as JS
  Parameters: {"authenticity_token"=>"YW++te8VNQMyjE7evMUxt7nTShSWl3fOhElCCOpJjWn0zhQYAAMKgA+HpW6wejlQ5fFYWZ50AauANh+MwxaV/Q==", "sign"=>"scissors"}
Unpermitted parameter: :authenticity_token
  Rendering plays/throw.js.erb
  Rendered plays/_throw.html.slim (25.3ms)
  Rendered plays/throw.js.erb (31.6ms)
Completed 200 OK in 850ms (Views: 41.8ms | ActiveRecord: 0.0ms)


Started POST "/throw" for 127.0.0.1 at 2019-02-15 08:07:17 +0300
Processing by PlaysController#throw as JS
  Parameters: {"authenticity_token"=>"YW++te8VNQMyjE7evMUxt7nTShSWl3fOhElCCOpJjWn0zhQYAAMKgA+HpW6wejlQ5fFYWZ50AauANh+MwxaV/Q==", "sign"=>"rock"}
Unpermitted parameter: :authenticity_token
  Rendering plays/throw.js.erb
  Rendered plays/_throw.html.slim (24.5ms)
  Rendered plays/throw.js.erb (31.1ms)
Completed 200 OK in 949ms (Views: 41.3ms | ActiveRecord: 0.0ms)


Started POST "/throw" for 127.0.0.1 at 2019-02-15 08:07:20 +0300
Processing by PlaysController#throw as JS
  Parameters: {"authenticity_token"=>"YW++te8VNQMyjE7evMUxt7nTShSWl3fOhElCCOpJjWn0zhQYAAMKgA+HpW6wejlQ5fFYWZ50AauANh+MwxaV/Q==", "sign"=>"paper"}
Unpermitted parameter: :authenticity_token
  Rendering plays/throw.js.erb
  Rendered plays/_throw.html.slim (25.6ms)
  Rendered plays/throw.js.erb (31.2ms)
Completed 200 OK in 888ms (Views: 40.8ms | ActiveRecord: 0.0ms)


Started POST "/throw" for 127.0.0.1 at 2019-02-15 08:07:30 +0300
Processing by PlaysController#throw as JS
  Parameters: {"authenticity_token"=>"YW++te8VNQMyjE7evMUxt7nTShSWl3fOhElCCOpJjWn0zhQYAAMKgA+HpW6wejlQ5fFYWZ50AauANh+MwxaV/Q==", "sign"=>"paper"}
Unpermitted parameter: :authenticity_token
  Rendering plays/throw.js.erb
  Rendered plays/_throw.html.slim (20.7ms)
  Rendered plays/throw.js.erb (26.1ms)
Completed 200 OK in 3768ms (Views: 36.4ms | ActiveRecord: 0.0ms)


Started POST "/throw" for 127.0.0.1 at 2019-02-15 08:07:39 +0300
Processing by PlaysController#throw as JS
  Parameters: {"authenticity_token"=>"YW++te8VNQMyjE7evMUxt7nTShSWl3fOhElCCOpJjWn0zhQYAAMKgA+HpW6wejlQ5fFYWZ50AauANh+MwxaV/Q==", "sign"=>"paper"}
Unpermitted parameter: :authenticity_token
  Rendering plays/throw.js.erb
  Rendered plays/_throw.html.slim (26.1ms)
  Rendered plays/throw.js.erb (32.0ms)
Completed 200 OK in 983ms (Views: 42.3ms | ActiveRecord: 0.0ms)


Started POST "/throw" for 127.0.0.1 at 2019-02-15 08:07:43 +0300
Processing by PlaysController#throw as JS
  Parameters: {"authenticity_token"=>"YW++te8VNQMyjE7evMUxt7nTShSWl3fOhElCCOpJjWn0zhQYAAMKgA+HpW6wejlQ5fFYWZ50AauANh+MwxaV/Q==", "sign"=>"paper"}
Unpermitted parameter: :authenticity_token
  Rendering plays/throw.js.erb
  Rendered plays/_throw.html.slim (17.6ms)
  Rendered plays/throw.js.erb (22.4ms)
Completed 200 OK in 633ms (Views: 32.7ms | ActiveRecord: 0.0ms)


Started POST "/throw" for 127.0.0.1 at 2019-02-15 08:07:49 +0300
Processing by PlaysController#throw as JS
  Parameters: {"authenticity_token"=>"YW++te8VNQMyjE7evMUxt7nTShSWl3fOhElCCOpJjWn0zhQYAAMKgA+HpW6wejlQ5fFYWZ50AauANh+MwxaV/Q==", "sign"=>"paper"}
Unpermitted parameter: :authenticity_token
  Rendering plays/throw.js.erb
  Rendered plays/_throw.html.slim (29.6ms)
  Rendered plays/throw.js.erb (34.6ms)
Completed 200 OK in 922ms (Views: 44.8ms | ActiveRecord: 0.0ms)


Started POST "/throw" for 127.0.0.1 at 2019-02-15 08:07:52 +0300
Processing by PlaysController#throw as JS
  Parameters: {"authenticity_token"=>"YW++te8VNQMyjE7evMUxt7nTShSWl3fOhElCCOpJjWn0zhQYAAMKgA+HpW6wejlQ5fFYWZ50AauANh+MwxaV/Q==", "sign"=>"paper"}
Unpermitted parameter: :authenticity_token
  Rendering plays/throw.js.erb
  Rendered plays/_throw.html.slim (27.7ms)
  Rendered plays/throw.js.erb (34.7ms)
Completed 200 OK in 895ms (Views: 44.9ms | ActiveRecord: 0.0ms)


Started POST "/throw" for 127.0.0.1 at 2019-02-15 08:07:54 +0300
Processing by PlaysController#throw as JS
  Parameters: {"authenticity_token"=>"YW++te8VNQMyjE7evMUxt7nTShSWl3fOhElCCOpJjWn0zhQYAAMKgA+HpW6wejlQ5fFYWZ50AauANh+MwxaV/Q==", "sign"=>"scissors"}
Unpermitted parameter: :authenticity_token
  Rendering plays/throw.js.erb
  Rendered plays/_throw.html.slim (28.2ms)
  Rendered plays/throw.js.erb (34.1ms)
Completed 200 OK in 746ms (Views: 43.9ms | ActiveRecord: 0.0ms)


Started POST "/throw" for 127.0.0.1 at 2019-02-15 08:07:57 +0300
Processing by PlaysController#throw as JS
  Parameters: {"authenticity_token"=>"YW++te8VNQMyjE7evMUxt7nTShSWl3fOhElCCOpJjWn0zhQYAAMKgA+HpW6wejlQ5fFYWZ50AauANh+MwxaV/Q==", "sign"=>"paper"}
Unpermitted parameter: :authenticity_token
  Rendering plays/throw.js.erb
  Rendered plays/_throw.html.slim (22.8ms)
  Rendered plays/throw.js.erb (27.9ms)
Completed 200 OK in 3853ms (Views: 39.1ms | ActiveRecord: 0.0ms)


Started POST "/throw" for 127.0.0.1 at 2019-02-15 08:08:03 +0300
Processing by PlaysController#throw as JS
  Parameters: {"authenticity_token"=>"YW++te8VNQMyjE7evMUxt7nTShSWl3fOhElCCOpJjWn0zhQYAAMKgA+HpW6wejlQ5fFYWZ50AauANh+MwxaV/Q==", "sign"=>"rock"}
Unpermitted parameter: :authenticity_token
  Rendering plays/throw.js.erb
  Rendered plays/_throw.html.slim (26.8ms)
  Rendered plays/throw.js.erb (33.3ms)
Completed 200 OK in 873ms (Views: 46.3ms | ActiveRecord: 0.0ms)


Started POST "/throw" for 127.0.0.1 at 2019-02-15 08:08:06 +0300
Processing by PlaysController#throw as JS
  Parameters: {"authenticity_token"=>"YW++te8VNQMyjE7evMUxt7nTShSWl3fOhElCCOpJjWn0zhQYAAMKgA+HpW6wejlQ5fFYWZ50AauANh+MwxaV/Q==", "sign"=>"paper"}
Unpermitted parameter: :authenticity_token
  Rendering plays/throw.js.erb
  Rendered plays/_throw.html.slim (27.8ms)
  Rendered plays/throw.js.erb (33.7ms)
Completed 200 OK in 874ms (Views: 44.5ms | ActiveRecord: 0.0ms)


Started POST "/throw" for 127.0.0.1 at 2019-02-15 08:08:10 +0300
Processing by PlaysController#throw as JS
  Parameters: {"authenticity_token"=>"YW++te8VNQMyjE7evMUxt7nTShSWl3fOhElCCOpJjWn0zhQYAAMKgA+HpW6wejlQ5fFYWZ50AauANh+MwxaV/Q==", "sign"=>"scissors"}
Unpermitted parameter: :authenticity_token
  Rendering plays/throw.js.erb
  Rendered plays/_throw.html.slim (27.2ms)
  Rendered plays/throw.js.erb (34.0ms)
Completed 200 OK in 836ms (Views: 43.8ms | ActiveRecord: 0.0ms)


Started POST "/throw" for 127.0.0.1 at 2019-02-15 08:08:13 +0300
Processing by PlaysController#throw as JS
  Parameters: {"authenticity_token"=>"YW++te8VNQMyjE7evMUxt7nTShSWl3fOhElCCOpJjWn0zhQYAAMKgA+HpW6wejlQ5fFYWZ50AauANh+MwxaV/Q==", "sign"=>"paper"}
Unpermitted parameter: :authenticity_token
  Rendering plays/throw.js.erb
  Rendered plays/_throw.html.slim (22.7ms)
  Rendered plays/throw.js.erb (28.6ms)
Completed 200 OK in 753ms (Views: 41.4ms | ActiveRecord: 0.0ms)


Started POST "/throw" for 127.0.0.1 at 2019-02-15 08:08:16 +0300
Processing by PlaysController#throw as JS
  Parameters: {"authenticity_token"=>"YW++te8VNQMyjE7evMUxt7nTShSWl3fOhElCCOpJjWn0zhQYAAMKgA+HpW6wejlQ5fFYWZ50AauANh+MwxaV/Q==", "sign"=>"scissors"}
Unpermitted parameter: :authenticity_token
  Rendering plays/throw.js.erb
  Rendered plays/_throw.html.slim (28.3ms)
  Rendered plays/throw.js.erb (35.1ms)
Completed 200 OK in 761ms (Views: 45.2ms | ActiveRecord: 0.0ms)


Started POST "/throw" for 127.0.0.1 at 2019-02-15 08:08:19 +0300
Processing by PlaysController#throw as JS
  Parameters: {"authenticity_token"=>"YW++te8VNQMyjE7evMUxt7nTShSWl3fOhElCCOpJjWn0zhQYAAMKgA+HpW6wejlQ5fFYWZ50AauANh+MwxaV/Q==", "sign"=>"paper"}
Unpermitted parameter: :authenticity_token
  Rendering plays/throw.js.erb
  Rendered plays/_throw.html.slim (28.8ms)
  Rendered plays/throw.js.erb (34.0ms)
Completed 200 OK in 835ms (Views: 45.2ms | ActiveRecord: 0.0ms)


Started POST "/throw" for 127.0.0.1 at 2019-02-15 08:08:23 +0300
Processing by PlaysController#throw as JS
  Parameters: {"authenticity_token"=>"YW++te8VNQMyjE7evMUxt7nTShSWl3fOhElCCOpJjWn0zhQYAAMKgA+HpW6wejlQ5fFYWZ50AauANh+MwxaV/Q==", "sign"=>"paper"}
Unpermitted parameter: :authenticity_token
  Rendering plays/throw.js.erb
  Rendered plays/_throw.html.slim (26.4ms)
  Rendered plays/throw.js.erb (33.4ms)
Completed 200 OK in 888ms (Views: 43.7ms | ActiveRecord: 0.0ms)


Started POST "/throw" for 127.0.0.1 at 2019-02-15 08:08:26 +0300
Processing by PlaysController#throw as JS
  Parameters: {"authenticity_token"=>"YW++te8VNQMyjE7evMUxt7nTShSWl3fOhElCCOpJjWn0zhQYAAMKgA+HpW6wejlQ5fFYWZ50AauANh+MwxaV/Q==", "sign"=>"scissors"}
Unpermitted parameter: :authenticity_token
  Rendering plays/throw.js.erb
  Rendered plays/_throw.html.slim (25.2ms)
  Rendered plays/throw.js.erb (31.2ms)
Completed 200 OK in 852ms (Views: 41.8ms | ActiveRecord: 0.0ms)


Started POST "/throw" for 127.0.0.1 at 2019-02-15 08:08:30 +0300
Processing by PlaysController#throw as JS
  Parameters: {"authenticity_token"=>"YW++te8VNQMyjE7evMUxt7nTShSWl3fOhElCCOpJjWn0zhQYAAMKgA+HpW6wejlQ5fFYWZ50AauANh+MwxaV/Q==", "sign"=>"rock"}
Unpermitted parameter: :authenticity_token
  Rendering plays/throw.js.erb
  Rendered plays/_throw.html.slim (47.4ms)
  Rendered plays/throw.js.erb (52.8ms)
Completed 200 OK in 3782ms (Views: 63.2ms | ActiveRecord: 0.0ms)


Started POST "/throw" for 127.0.0.1 at 2019-02-15 08:08:37 +0300
Processing by PlaysController#throw as JS
  Parameters: {"authenticity_token"=>"YW++te8VNQMyjE7evMUxt7nTShSWl3fOhElCCOpJjWn0zhQYAAMKgA+HpW6wejlQ5fFYWZ50AauANh+MwxaV/Q==", "sign"=>"paper"}
Unpermitted parameter: :authenticity_token
  Rendering plays/throw.js.erb
  Rendered plays/_throw.html.slim (31.0ms)
  Rendered plays/throw.js.erb (36.4ms)
Completed 200 OK in 889ms (Views: 46.3ms | ActiveRecord: 0.0ms)


Started POST "/throw" for 127.0.0.1 at 2019-02-15 08:08:40 +0300
Processing by PlaysController#throw as JS
  Parameters: {"authenticity_token"=>"YW++te8VNQMyjE7evMUxt7nTShSWl3fOhElCCOpJjWn0zhQYAAMKgA+HpW6wejlQ5fFYWZ50AauANh+MwxaV/Q==", "sign"=>"paper"}
Unpermitted parameter: :authenticity_token
  Rendering plays/throw.js.erb
  Rendered plays/_throw.html.slim (29.4ms)
  Rendered plays/throw.js.erb (34.9ms)
Completed 200 OK in 889ms (Views: 45.2ms | ActiveRecord: 0.0ms)


Started POST "/throw" for 127.0.0.1 at 2019-02-15 08:08:43 +0300
Processing by PlaysController#throw as JS
  Parameters: {"authenticity_token"=>"YW++te8VNQMyjE7evMUxt7nTShSWl3fOhElCCOpJjWn0zhQYAAMKgA+HpW6wejlQ5fFYWZ50AauANh+MwxaV/Q==", "sign"=>"scissors"}
Unpermitted parameter: :authenticity_token
  Rendering plays/throw.js.erb
  Rendered plays/_throw.html.slim (29.2ms)
  Rendered plays/throw.js.erb (34.7ms)
Completed 200 OK in 823ms (Views: 44.9ms | ActiveRecord: 0.0ms)


Started POST "/throw" for 127.0.0.1 at 2019-02-15 08:08:53 +0300
Processing by PlaysController#throw as JS
  Parameters: {"authenticity_token"=>"YW++te8VNQMyjE7evMUxt7nTShSWl3fOhElCCOpJjWn0zhQYAAMKgA+HpW6wejlQ5fFYWZ50AauANh+MwxaV/Q==", "sign"=>"scissors"}
Unpermitted parameter: :authenticity_token
  Rendering plays/throw.js.erb
  Rendered plays/_throw.html.slim (27.7ms)
  Rendered plays/throw.js.erb (33.1ms)
Completed 200 OK in 900ms (Views: 43.2ms | ActiveRecord: 0.0ms)


Started GET "/" for 127.0.0.1 at 2019-02-15 08:16:18 +0300
Processing by PlaysController#new as HTML
  Rendering plays/new.html.slim within layouts/application
  Rendered plays/_modal.html.slim (29.9ms)
  Rendered plays/new.html.slim within layouts/application (63.5ms)
Completed 200 OK in 103ms (Views: 97.9ms | ActiveRecord: 0.0ms)


Started POST "/throw" for 127.0.0.1 at 2019-02-15 08:23:45 +0300
Processing by PlaysController#throw as JS
  Parameters: {"authenticity_token"=>"iMS2SXAHAqPMeApDXpvtIZ5EIHIVpGaptjl8b29RPx4dZRzknxE9IPFz4fNSJOXGwmYyPx1HEMyyRiHrRg4nig==", "sign"=>"scissors"}
Unpermitted parameter: :authenticity_token
  Rendering plays/throw.js.erb
  Rendered plays/_throw.html.slim (25.4ms)
  Rendered plays/throw.js.erb (31.1ms)
Completed 200 OK in 3995ms (Views: 41.2ms | ActiveRecord: 0.0ms)


Started POST "/throw" for 127.0.0.1 at 2019-02-15 08:23:52 +0300
Processing by PlaysController#throw as JS
  Parameters: {"authenticity_token"=>"iMS2SXAHAqPMeApDXpvtIZ5EIHIVpGaptjl8b29RPx4dZRzknxE9IPFz4fNSJOXGwmYyPx1HEMyyRiHrRg4nig==", "sign"=>"paper"}
Unpermitted parameter: :authenticity_token
  Rendering plays/throw.js.erb
  Rendered plays/_throw.html.slim (26.5ms)
  Rendered plays/throw.js.erb (33.0ms)
Completed 200 OK in 938ms (Views: 43.2ms | ActiveRecord: 0.0ms)


Started POST "/throw" for 127.0.0.1 at 2019-02-15 08:23:55 +0300
Processing by PlaysController#throw as JS
  Parameters: {"authenticity_token"=>"iMS2SXAHAqPMeApDXpvtIZ5EIHIVpGaptjl8b29RPx4dZRzknxE9IPFz4fNSJOXGwmYyPx1HEMyyRiHrRg4nig==", "sign"=>"rock"}
Unpermitted parameter: :authenticity_token
  Rendering plays/throw.js.erb
  Rendered plays/_throw.html.slim (22.6ms)
  Rendered plays/throw.js.erb (28.3ms)
Completed 200 OK in 793ms (Views: 40.2ms | ActiveRecord: 0.0ms)


Started POST "/throw" for 127.0.0.1 at 2019-02-15 08:23:57 +0300
Processing by PlaysController#throw as JS
  Parameters: {"authenticity_token"=>"iMS2SXAHAqPMeApDXpvtIZ5EIHIVpGaptjl8b29RPx4dZRzknxE9IPFz4fNSJOXGwmYyPx1HEMyyRiHrRg4nig==", "sign"=>"rock"}
Unpermitted parameter: :authenticity_token
  Rendering plays/throw.js.erb
  Rendered plays/_throw.html.slim (19.7ms)
  Rendered plays/throw.js.erb (24.9ms)
Completed 200 OK in 757ms (Views: 35.7ms | ActiveRecord: 0.0ms)


Started POST "/throw" for 127.0.0.1 at 2019-02-15 08:24:00 +0300
Processing by PlaysController#throw as JS
  Parameters: {"authenticity_token"=>"iMS2SXAHAqPMeApDXpvtIZ5EIHIVpGaptjl8b29RPx4dZRzknxE9IPFz4fNSJOXGwmYyPx1HEMyyRiHrRg4nig==", "sign"=>"rock"}
Unpermitted parameter: :authenticity_token
  Rendering plays/throw.js.erb
  Rendered plays/_throw.html.slim (20.8ms)
  Rendered plays/throw.js.erb (27.6ms)
Completed 200 OK in 823ms (Views: 37.3ms | ActiveRecord: 0.0ms)


Started POST "/throw" for 127.0.0.1 at 2019-02-15 08:24:05 +0300
Processing by PlaysController#throw as JS
  Parameters: {"authenticity_token"=>"iMS2SXAHAqPMeApDXpvtIZ5EIHIVpGaptjl8b29RPx4dZRzknxE9IPFz4fNSJOXGwmYyPx1HEMyyRiHrRg4nig==", "sign"=>"scissors"}
Unpermitted parameter: :authenticity_token
  Rendering plays/throw.js.erb
  Rendered plays/_throw.html.slim (26.7ms)
  Rendered plays/throw.js.erb (32.6ms)
Completed 200 OK in 3863ms (Views: 44.0ms | ActiveRecord: 0.0ms)


Started POST "/throw" for 127.0.0.1 at 2019-02-15 08:24:12 +0300
Processing by PlaysController#throw as JS
  Parameters: {"authenticity_token"=>"iMS2SXAHAqPMeApDXpvtIZ5EIHIVpGaptjl8b29RPx4dZRzknxE9IPFz4fNSJOXGwmYyPx1HEMyyRiHrRg4nig==", "sign"=>"paper"}
Unpermitted parameter: :authenticity_token
  Rendering plays/throw.js.erb
  Rendered plays/_throw.html.slim (27.8ms)
  Rendered plays/throw.js.erb (34.5ms)
Completed 200 OK in 871ms (Views: 45.6ms | ActiveRecord: 0.0ms)


Started POST "/throw" for 127.0.0.1 at 2019-02-15 08:24:16 +0300
Processing by PlaysController#throw as JS
  Parameters: {"authenticity_token"=>"iMS2SXAHAqPMeApDXpvtIZ5EIHIVpGaptjl8b29RPx4dZRzknxE9IPFz4fNSJOXGwmYyPx1HEMyyRiHrRg4nig==", "sign"=>"rock"}
Unpermitted parameter: :authenticity_token
  Rendering plays/throw.js.erb
  Rendered plays/_throw.html.slim (10.4ms)
  Rendered plays/throw.js.erb (16.4ms)
Completed 200 OK in 641ms (Views: 27.6ms | ActiveRecord: 0.0ms)


Started POST "/throw" for 127.0.0.1 at 2019-02-15 08:24:18 +0300
Processing by PlaysController#throw as JS
  Parameters: {"authenticity_token"=>"iMS2SXAHAqPMeApDXpvtIZ5EIHIVpGaptjl8b29RPx4dZRzknxE9IPFz4fNSJOXGwmYyPx1HEMyyRiHrRg4nig==", "sign"=>"paper"}
Unpermitted parameter: :authenticity_token
  Rendering plays/throw.js.erb
  Rendered plays/_throw.html.slim (24.9ms)
  Rendered plays/throw.js.erb (30.4ms)
Completed 200 OK in 877ms (Views: 41.0ms | ActiveRecord: 0.0ms)


Started POST "/throw" for 127.0.0.1 at 2019-02-15 08:24:21 +0300
Processing by PlaysController#throw as JS
  Parameters: {"authenticity_token"=>"iMS2SXAHAqPMeApDXpvtIZ5EIHIVpGaptjl8b29RPx4dZRzknxE9IPFz4fNSJOXGwmYyPx1HEMyyRiHrRg4nig==", "sign"=>"rock"}
Unpermitted parameter: :authenticity_token
  Rendering plays/throw.js.erb
  Rendered plays/_throw.html.slim (28.2ms)
  Rendered plays/throw.js.erb (34.6ms)
Completed 200 OK in 769ms (Views: 44.5ms | ActiveRecord: 0.0ms)


Started GET "/" for 127.0.0.1 at 2019-02-15 10:02:49 +0300
Processing by PlaysController#new as HTML
  Rendering plays/new.html.slim within layouts/application
  Rendered plays/_modal.html.slim (162.0ms)
  Rendered plays/new.html.slim within layouts/application (173.6ms)
Completed 200 OK in 202ms (Views: 195.6ms | ActiveRecord: 0.0ms)


Started POST "/throw" for 127.0.0.1 at 2019-02-15 10:02:53 +0300
Processing by PlaysController#throw as JS
  Parameters: {"authenticity_token"=>"Zns83JIoFZ7DCfQW1L4IUkBquHiNcEYUIa3SP1QnrSnz2pZxfT4qHf4CH6bYAQC1HEiqNYWTMHEl0o+7fXi1vQ==", "sign"=>"paper"}
Unpermitted parameter: :authenticity_token
  Rendering plays/throw.js.erb
  Rendered plays/_throw.html.slim (27.3ms)
  Rendered plays/throw.js.erb (31.9ms)
Completed 200 OK in 1438ms (Views: 39.0ms | ActiveRecord: 0.0ms)


Started POST "/throw" for 127.0.0.1 at 2019-02-15 10:02:58 +0300
Processing by PlaysController#throw as JS
  Parameters: {"authenticity_token"=>"Zns83JIoFZ7DCfQW1L4IUkBquHiNcEYUIa3SP1QnrSnz2pZxfT4qHf4CH6bYAQC1HEiqNYWTMHEl0o+7fXi1vQ==", "sign"=>"rock"}
Unpermitted parameter: :authenticity_token
  Rendering plays/throw.js.erb
  Rendered plays/_throw.html.slim (3.7ms)
  Rendered plays/throw.js.erb (5.2ms)
Completed 200 OK in 808ms (Views: 8.2ms | ActiveRecord: 0.0ms)


